<?xml version="1.0" encoding="UTF-8"?>
<testsuite name="unitTests.TestarCalculadora22_08" tests="1" skipped="0" failures="0" errors="0" timestamp="2022-08-22T19:18:53" hostname="NB033052" time="0.006">
  <properties/>
  <testcase name="testarMainMultiplicacao" classname="unitTests.TestarCalculadora22_08" time="0.006"/>
  <system-out><![CDATA[]]></system-out>
  <system-err><![CDATA[]]></system-err>
</testsuite>
